<?xml version="1.0" encoding="UTF-8"?>
<!-- Generated by org.testng.reporters.JUnitXMLReporter -->
<testsuite ignored="0" hostname="DESKTOP-AKERDK9" failures="0" tests="3" name="Default test" time="51.183" errors="0" timestamp="2022-06-10T18:03:54 ART">
  <testcase classname="test.TestDespegar" name="ValidarRegistroDeAlojamiento" time="8.734"/>
  <testcase classname="test.TestDespegar" name="ValidarRegistroDeAlojamiento" time="6.652"/>
  <testcase classname="test.TestDespegar" name="ValidarRegistroDeAlojamiento" time="7.409"/>
</testsuite> <!-- Default test -->
